<?xml version="1.0" encoding="UTF-8"?>
<testsuite xmlns:xsi="http://www.w3.org/2001/XMLSchema-instance" xsi:noNamespaceSchemaLocation="https://maven.apache.org/surefire/maven-surefire-plugin/xsd/surefire-test-report.xsd" name="com.bertoni.test.procesors.GameProcesorTest" time="0.02" tests="25" errors="0" skipped="0" failures="0">
  <properties>
[...]
</properties>
  <testcase name="testHand5ShouldWinTwo" classname="com.bertoni.test.procesors.GameProcesorTest" time="0.004"/>
  <testcase name="testHand4ShouldWinTwo" classname="com.bertoni.test.procesors.GameProcesorTest" time="0"/>
  <testcase name="testShouldRecognizeNotRoyalFlush_DiffNums" classname="com.bertoni.test.procesors.GameProcesorTest" time="0"/>
  <testcase name="testShouldRecognizeNotRoyalFlush_DiffSuit" classname="com.bertoni.test.procesors.GameProcesorTest" time="0.001"/>
  <testcase name="testShouldRecognizeFourKind" classname="com.bertoni.test.procesors.GameProcesorTest" time="0"/>
  <testcase name="shouldAlsoReturnHighCard" classname="com.bertoni.test.procesors.GameProcesorTest" time="0"/>
  <testcase name="testHand3ShouldWinTwo" classname="com.bertoni.test.procesors.GameProcesorTest" time="0.001"/>
  <testcase name="testShouldNotTRecognizeFourKind_DiffValue" classname="com.bertoni.test.procesors.GameProcesorTest" time="0"/>
  <testcase name="testHand2ShouldWinOne" classname="com.bertoni.test.procesors.GameProcesorTest" time="0.001"/>
  <testcase name="shouldRecognizeTripple" classname="com.bertoni.test.procesors.GameProcesorTest" time="0.001"/>
  <testcase name="testShouldRecognizeNotStraightFlush_DiffNums" classname="com.bertoni.test.procesors.GameProcesorTest" time="0"/>
  <testcase name="testShouldRecognizeNotStraightFlush_DiffSuit" classname="com.bertoni.test.procesors.GameProcesorTest" time="0.001"/>
  <testcase name="testShouldNotTRecognizeFourKind_FiveEqualsValues" classname="com.bertoni.test.procesors.GameProcesorTest" time="0"/>
  <testcase name="shouldRecognizeTwoPair" classname="com.bertoni.test.procesors.GameProcesorTest" time="0.001"/>
  <testcase name="testHand1ShouldTWinTwo" classname="com.bertoni.test.procesors.GameProcesorTest" time="0"/>
  <testcase name="testShouldTightRoyalFlush" classname="com.bertoni.test.procesors.GameProcesorTest" time="0"/>
  <testcase name="shouldRecognizeStraight" classname="com.bertoni.test.procesors.GameProcesorTest" time="0.001"/>
  <testcase name="shouldReturnHighCard" classname="com.bertoni.test.procesors.GameProcesorTest" time="0"/>
  <testcase name="testShouldRecognizeRoyalFlush" classname="com.bertoni.test.procesors.GameProcesorTest" time="0.001"/>
  <testcase name="shouldRecognizeFullHouse" classname="com.bertoni.test.procesors.GameProcesorTest" time="0"/>
  <testcase name="shouldNotRecognizeStraight" classname="com.bertoni.test.procesors.GameProcesorTest" time="0.001"/>
  <testcase name="shouldNotRecognizeFlush" classname="com.bertoni.test.procesors.GameProcesorTest" time="0"/>
  <testcase name="testShouldRecognizeStraightFlush" classname="com.bertoni.test.procesors.GameProcesorTest" time="0"/>
  <testcase name="shouldRecognizeAPair" classname="com.bertoni.test.procesors.GameProcesorTest" time="0"/>
  <testcase name="shouldRecognizeFlush" classname="com.bertoni.test.procesors.GameProcesorTest" time="0"/>
</testsuite>